<?xml version="1.0" encoding="UTF-8"?>
<!-- Generated by org.testng.reporters.JUnitReportReporter -->
<testsuite hostname="LAPTOP-GU7LOAUN" failures="0" tests="8" name="moduleNameTestNg.Class1" time="0.013" errors="0" timestamp="2022-11-08T10:12:15 IST" skipped="1">
  <testcase classname="moduleNameTestNg.Class1" name="demo1" time="0.002"/>
  <system-out/>
  <testcase classname="moduleNameTestNg.Class1" name="demo1" time="0.001"/>
  <system-out/>
  <testcase classname="moduleNameTestNg.Class1" name="demo2" time="0.003"/>
  <system-out/>
  <testcase classname="moduleNameTestNg.Class1" name="demo1" time="0.002"/>
  <system-out/>
  <testcase classname="moduleNameTestNg.Class1" name="demo1" time="0.001"/>
  <system-out/>
  <testcase classname="moduleNameTestNg.Class1" name="demo1" time="0.002"/>
  <system-out/>
  <testcase classname="moduleNameTestNg.Class1" name="demo1" time="0.002"/>
  <system-out/>
  <testcase classname="moduleNameTestNg.Class1" name="demo3">
    <skipped/>
  </testcase> <!-- demo3 -->
  <system-out/>
</testsuite> <!-- moduleNameTestNg.Class1 -->
