<?xml version="1.0" encoding="UTF-8"?>
<!-- Generated by org.testng.reporters.JUnitReportReporter -->
<testsuite hostname="LAPTOP-GU7LOAUN" failures="0" tests="2" name="moduleNameTestNg.GroupExecution" time="0.013" errors="0" timestamp="2022-11-09T09:54:40 IST" skipped="0">
  <testcase classname="moduleNameTestNg.GroupExecution" name="AddToProductTest" time="0.012"/>
  <system-out/>
  <testcase classname="moduleNameTestNg.GroupExecution" name="PaymentTest" time="0.001"/>
  <system-out/>
</testsuite> <!-- moduleNameTestNg.GroupExecution -->
