<?xml version="1.0" encoding="UTF-8"?>
<!-- Generated by org.testng.reporters.JUnitReportReporter -->
<testsuite hostname="LAPTOP-GU7LOAUN" failures="0" tests="1" name="moduleNameTestNg.ClassC" time="9.144" errors="0" timestamp="2022-11-08T10:51:31 IST" skipped="0">
  <testcase classname="moduleNameTestNg.ClassC" name="demo" time="9.144"/>
  <system-out/>
</testsuite> <!-- moduleNameTestNg.ClassC -->
