<?xml version="1.0" encoding="UTF-8"?>
<!-- Generated by org.testng.reporters.JUnitReportReporter -->
<testsuite hostname="LAPTOP-GU7LOAUN" failures="0" tests="5" name="moduleNameTestNg.BuyAProductTest" time="0.011" errors="0" timestamp="2022-11-08T10:12:15 IST" skipped="0">
  <testcase classname="moduleNameTestNg.BuyAProductTest" name="AddToProductTest" time="0.003"/>
  <system-out/>
  <testcase classname="moduleNameTestNg.BuyAProductTest" name="PaymentTest" time="0.002"/>
  <system-out/>
  <testcase classname="moduleNameTestNg.BuyAProductTest" name="LoginInTest" time="0.002"/>
  <system-out/>
  <testcase classname="moduleNameTestNg.BuyAProductTest" name="SearchForProductTest" time="0.002"/>
  <system-out/>
  <testcase classname="moduleNameTestNg.BuyAProductTest" name="LogoutTest" time="0.002"/>
  <system-out/>
</testsuite> <!-- moduleNameTestNg.BuyAProductTest -->
