<?xml version="1.0" encoding="UTF-8"?>
<!-- Generated by org.testng.reporters.JUnitReportReporter -->
<testsuite hostname="LAPTOP-GU7LOAUN" failures="0" tests="2" name="moduleNameTestNg.CrossBrowserParallelTesting" time="40.166" errors="0" timestamp="2022-11-08T11:27:23 IST" skipped="0">
  <testcase classname="moduleNameTestNg.CrossBrowserParallelTesting" name="demo" time="23.776"/>
  <system-out/>
  <testcase classname="moduleNameTestNg.CrossBrowserParallelTesting" name="demo" time="16.390"/>
  <system-out/>
</testsuite> <!-- moduleNameTestNg.CrossBrowserParallelTesting -->
